{"/Users/marc/Desktop/fubar/app/javascript/components/App.css": {"path":"/Users/marc/Desktop/fubar/app/javascript/components/App.css","statementMap":{"0":{"start":{"line":1,"column":0},"end":{"line":1,"column":19}}},"fnMap":{},"branchMap":{},"s":{"0":2},"f":{},"b":{},"_coverageSchema":"1a1c01bbd47fc00a2c39e90264f33305004495a9","hash":"fe6892128d843b06207ad513bc80c8fe8894b3fc"}
,"/Users/marc/Desktop/fubar/app/javascript/components/assets/MockData.js": {"path":"/Users/marc/Desktop/fubar/app/javascript/components/assets/MockData.js","statementMap":{"0":{"start":{"line":1,"column":20},"end":{"line":146,"column":1}}},"fnMap":{},"branchMap":{},"s":{"0":1},"f":{},"b":{},"_coverageSchema":"1a1c01bbd47fc00a2c39e90264f33305004495a9","hash":"ba953873e01f755d4e879e753992a7f6238083b2"}
,"/Users/marc/Desktop/fubar/app/javascript/components/assets/githubLogo.png": {"path":"/Users/marc/Desktop/fubar/app/javascript/components/assets/githubLogo.png","statementMap":{"0":{"start":{"line":1,"column":0},"end":{"line":1,"column":19}}},"fnMap":{},"branchMap":{},"s":{"0":1},"f":{},"b":{},"_coverageSchema":"1a1c01bbd47fc00a2c39e90264f33305004495a9","hash":"959b6445fb031af3d4f2ec8be9d8b206836dc330"}
,"/Users/marc/Desktop/fubar/app/javascript/components/assets/home-icon.jpg": {"path":"/Users/marc/Desktop/fubar/app/javascript/components/assets/home-icon.jpg","statementMap":{"0":{"start":{"line":1,"column":0},"end":{"line":1,"column":19}}},"fnMap":{},"branchMap":{},"s":{"0":1},"f":{},"b":{},"_coverageSchema":"1a1c01bbd47fc00a2c39e90264f33305004495a9","hash":"f4ed300438a2923c228de413236244a410745ec2"}
,"/Users/marc/Desktop/fubar/app/javascript/components/assets/landing-bg.jpg": {"path":"/Users/marc/Desktop/fubar/app/javascript/components/assets/landing-bg.jpg","statementMap":{"0":{"start":{"line":1,"column":0},"end":{"line":1,"column":19}}},"fnMap":{},"branchMap":{},"s":{"0":1},"f":{},"b":{},"_coverageSchema":"1a1c01bbd47fc00a2c39e90264f33305004495a9","hash":"994fb7c8e672a20f4495134495044daf5848d56e"}
,"/Users/marc/Desktop/fubar/app/javascript/components/assets/target.png": {"path":"/Users/marc/Desktop/fubar/app/javascript/components/assets/target.png","statementMap":{"0":{"start":{"line":1,"column":0},"end":{"line":1,"column":19}}},"fnMap":{},"branchMap":{},"s":{"0":1},"f":{},"b":{},"_coverageSchema":"1a1c01bbd47fc00a2c39e90264f33305004495a9","hash":"7c6bd22596c3faa59cc31cc9c617c5a3c1a22f5d"}
,"/Users/marc/Desktop/fubar/app/javascript/components/components/DisplayInventory.js": {"path":"/Users/marc/Desktop/fubar/app/javascript/components/components/DisplayInventory.js","statementMap":{"0":{"start":{"line":4,"column":25},"end":{"line":23,"column":1}},"1":{"start":{"line":5,"column":4},"end":{"line":22,"column":6}}},"fnMap":{"0":{"name":"(anonymous_0)","decl":{"start":{"line":4,"column":25},"end":{"line":4,"column":26}},"loc":{"start":{"line":4,"column":39},"end":{"line":23,"column":1}},"line":4}},"branchMap":{},"s":{"0":2,"1":1},"f":{"0":1},"b":{},"_coverageSchema":"1a1c01bbd47fc00a2c39e90264f33305004495a9","hash":"efcf70e880583088b6a0a3a52e4c6b94ac31a594"}
,"/Users/marc/Desktop/fubar/app/javascript/components/components/Footer.js": {"path":"/Users/marc/Desktop/fubar/app/javascript/components/components/Footer.js","statementMap":{"0":{"start":{"line":7,"column":4},"end":{"line":39,"column":6}}},"fnMap":{"0":{"name":"(anonymous_0)","decl":{"start":{"line":6,"column":2},"end":{"line":6,"column":3}},"loc":{"start":{"line":6,"column":11},"end":{"line":40,"column":3}},"line":6}},"branchMap":{},"s":{"0":1},"f":{"0":1},"b":{},"_coverageSchema":"1a1c01bbd47fc00a2c39e90264f33305004495a9","hash":"6854c610a4ce0c70ec52168193169af23a739272"}
,"/Users/marc/Desktop/fubar/app/javascript/components/components/Header.js": {"path":"/Users/marc/Desktop/fubar/app/javascript/components/components/Header.js","statementMap":{"0":{"start":{"line":21,"column":4},"end":{"line":21,"column":17}},"1":{"start":{"line":23,"column":4},"end":{"line":23,"column":53}},"2":{"start":{"line":24,"column":4},"end":{"line":26,"column":6}},"3":{"start":{"line":30,"column":4},"end":{"line":32,"column":7}},"4":{"start":{"line":42,"column":8},"end":{"line":42,"column":18}},"5":{"start":{"line":43,"column":4},"end":{"line":132,"column":6}}},"fnMap":{"0":{"name":"(anonymous_0)","decl":{"start":{"line":20,"column":2},"end":{"line":20,"column":3}},"loc":{"start":{"line":20,"column":21},"end":{"line":27,"column":3}},"line":20},"1":{"name":"(anonymous_1)","decl":{"start":{"line":29,"column":2},"end":{"line":29,"column":3}},"loc":{"start":{"line":29,"column":17},"end":{"line":33,"column":3}},"line":29},"2":{"name":"(anonymous_2)","decl":{"start":{"line":35,"column":2},"end":{"line":35,"column":3}},"loc":{"start":{"line":35,"column":11},"end":{"line":133,"column":3}},"line":35}},"branchMap":{"0":{"loc":{"start":{"line":59,"column":15},"end":{"line":95,"column":15}},"type":"binary-expr","locations":[{"start":{"line":59,"column":15},"end":{"line":59,"column":24}},{"start":{"line":60,"column":16},"end":{"line":94,"column":39}}],"line":59},"1":{"loc":{"start":{"line":96,"column":15},"end":{"line":102,"column":15}},"type":"binary-expr","locations":[{"start":{"line":96,"column":15},"end":{"line":96,"column":24}},{"start":{"line":97,"column":16},"end":{"line":101,"column":26}}],"line":96},"2":{"loc":{"start":{"line":103,"column":17},"end":{"line":109,"column":17}},"type":"binary-expr","locations":[{"start":{"line":103,"column":17},"end":{"line":103,"column":26}},{"start":{"line":104,"column":20},"end":{"line":108,"column":30}}],"line":103},"3":{"loc":{"start":{"line":110,"column":15},"end":{"line":116,"column":15}},"type":"binary-expr","locations":[{"start":{"line":110,"column":15},"end":{"line":110,"column":25}},{"start":{"line":111,"column":16},"end":{"line":115,"column":26}}],"line":110},"4":{"loc":{"start":{"line":117,"column":15},"end":{"line":123,"column":15}},"type":"binary-expr","locations":[{"start":{"line":117,"column":15},"end":{"line":117,"column":25}},{"start":{"line":118,"column":16},"end":{"line":122,"column":26}}],"line":117}},"s":{"0":3,"1":3,"2":3,"3":0,"4":3,"5":3},"f":{"0":3,"1":0,"2":3},"b":{"0":[3,0],"1":[3,0],"2":[3,0],"3":[3,3],"4":[3,3]},"_coverageSchema":"1a1c01bbd47fc00a2c39e90264f33305004495a9","hash":"ff25faa24a52c02d0220ab7f45c52e0f2c8b8964"}
,"/Users/marc/Desktop/fubar/app/javascript/components/components/SearchBar.js": {"path":"/Users/marc/Desktop/fubar/app/javascript/components/components/SearchBar.js","statementMap":{"0":{"start":{"line":4,"column":18},"end":{"line":113,"column":1}},"1":{"start":{"line":12,"column":32},"end":{"line":17,"column":4}},"2":{"start":{"line":19,"column":22},"end":{"line":43,"column":3}},"3":{"start":{"line":19,"column":33},"end":{"line":43,"column":3}},"4":{"start":{"line":20,"column":22},"end":{"line":20,"column":34}},"5":{"start":{"line":22,"column":4},"end":{"line":25,"column":7}},"6":{"start":{"line":27,"column":4},"end":{"line":42,"column":5}},"7":{"start":{"line":29,"column":8},"end":{"line":29,"column":28}},"8":{"start":{"line":30,"column":8},"end":{"line":30,"column":14}},"9":{"start":{"line":32,"column":8},"end":{"line":32,"column":35}},"10":{"start":{"line":33,"column":8},"end":{"line":33,"column":14}},"11":{"start":{"line":35,"column":8},"end":{"line":35,"column":30}},"12":{"start":{"line":36,"column":8},"end":{"line":36,"column":14}},"13":{"start":{"line":38,"column":8},"end":{"line":38,"column":29}},"14":{"start":{"line":39,"column":8},"end":{"line":39,"column":14}},"15":{"start":{"line":41,"column":8},"end":{"line":41,"column":14}},"16":{"start":{"line":45,"column":2},"end":{"line":112,"column":4}},"17":{"start":{"line":87,"column":12},"end":{"line":89,"column":21}},"18":{"start":{"line":105,"column":12},"end":{"line":107,"column":21}}},"fnMap":{"0":{"name":"(anonymous_0)","decl":{"start":{"line":4,"column":18},"end":{"line":4,"column":19}},"loc":{"start":{"line":11,"column":6},"end":{"line":113,"column":1}},"line":11},"1":{"name":"(anonymous_1)","decl":{"start":{"line":19,"column":22},"end":{"line":19,"column":23}},"loc":{"start":{"line":19,"column":33},"end":{"line":43,"column":3}},"line":19},"2":{"name":"(anonymous_2)","decl":{"start":{"line":19,"column":33},"end":{"line":19,"column":34}},"loc":{"start":{"line":19,"column":44},"end":{"line":43,"column":3}},"line":19},"3":{"name":"(anonymous_3)","decl":{"start":{"line":86,"column":23},"end":{"line":86,"column":24}},"loc":{"start":{"line":87,"column":12},"end":{"line":89,"column":21}},"line":87},"4":{"name":"(anonymous_4)","decl":{"start":{"line":104,"column":22},"end":{"line":104,"column":23}},"loc":{"start":{"line":105,"column":12},"end":{"line":107,"column":21}},"line":105}},"branchMap":{"0":{"loc":{"start":{"line":27,"column":4},"end":{"line":42,"column":5}},"type":"switch","locations":[{"start":{"line":28,"column":6},"end":{"line":30,"column":14}},{"start":{"line":31,"column":6},"end":{"line":33,"column":14}},{"start":{"line":34,"column":6},"end":{"line":36,"column":14}},{"start":{"line":37,"column":6},"end":{"line":39,"column":14}},{"start":{"line":40,"column":6},"end":{"line":41,"column":14}}],"line":27}},"s":{"0":2,"1":4,"2":4,"3":16,"4":0,"5":0,"6":0,"7":0,"8":0,"9":0,"10":0,"11":0,"12":0,"13":0,"14":0,"15":0,"16":4,"17":0,"18":0},"f":{"0":4,"1":16,"2":0,"3":0,"4":0},"b":{"0":[0,0,0,0,0]},"_coverageSchema":"1a1c01bbd47fc00a2c39e90264f33305004495a9","hash":"d4029c439f8ee81d929bf3baa91837aa80250b8c"}
,"/Users/marc/Desktop/fubar/app/javascript/components/pages/About.js": {"path":"/Users/marc/Desktop/fubar/app/javascript/components/pages/About.js","statementMap":{"0":{"start":{"line":5,"column":8},"end":{"line":9,"column":9}}},"fnMap":{"0":{"name":"(anonymous_0)","decl":{"start":{"line":4,"column":4},"end":{"line":4,"column":5}},"loc":{"start":{"line":4,"column":13},"end":{"line":10,"column":5}},"line":4}},"branchMap":{},"s":{"0":1},"f":{"0":1},"b":{},"_coverageSchema":"1a1c01bbd47fc00a2c39e90264f33305004495a9","hash":"934847bf8a55180987b15b1ed7af6ab0dc6b84dc"}
,"/Users/marc/Desktop/fubar/app/javascript/components/pages/Edit.js": {"path":"/Users/marc/Desktop/fubar/app/javascript/components/pages/Edit.js","statementMap":{"0":{"start":{"line":7,"column":4},"end":{"line":7,"column":17}},"1":{"start":{"line":8,"column":4},"end":{"line":21,"column":6}},"2":{"start":{"line":24,"column":17},"end":{"line":28,"column":3}},"3":{"start":{"line":25,"column":22},"end":{"line":25,"column":32}},"4":{"start":{"line":26,"column":4},"end":{"line":26,"column":44}},"5":{"start":{"line":27,"column":4},"end":{"line":27,"column":43}},"6":{"start":{"line":30,"column":17},"end":{"line":33,"column":3}},"7":{"start":{"line":31,"column":4},"end":{"line":31,"column":75}},"8":{"start":{"line":32,"column":4},"end":{"line":32,"column":39}},"9":{"start":{"line":36,"column":22},"end":{"line":36,"column":32}},"10":{"start":{"line":37,"column":4},"end":{"line":136,"column":6}}},"fnMap":{"0":{"name":"(anonymous_0)","decl":{"start":{"line":6,"column":2},"end":{"line":6,"column":3}},"loc":{"start":{"line":6,"column":21},"end":{"line":22,"column":3}},"line":6},"1":{"name":"(anonymous_1)","decl":{"start":{"line":24,"column":17},"end":{"line":24,"column":18}},"loc":{"start":{"line":24,"column":24},"end":{"line":28,"column":3}},"line":24},"2":{"name":"(anonymous_2)","decl":{"start":{"line":30,"column":17},"end":{"line":30,"column":18}},"loc":{"start":{"line":30,"column":23},"end":{"line":33,"column":3}},"line":30},"3":{"name":"(anonymous_3)","decl":{"start":{"line":35,"column":2},"end":{"line":35,"column":3}},"loc":{"start":{"line":35,"column":11},"end":{"line":137,"column":3}},"line":35}},"branchMap":{"0":{"loc":{"start":{"line":127,"column":13},"end":{"line":129,"column":13}},"type":"binary-expr","locations":[{"start":{"line":127,"column":13},"end":{"line":127,"column":33}},{"start":{"line":128,"column":14},"end":{"line":128,"column":61}}],"line":127}},"s":{"0":10,"1":10,"2":10,"3":0,"4":0,"5":0,"6":10,"7":0,"8":0,"9":10,"10":10},"f":{"0":10,"1":0,"2":0,"3":10},"b":{"0":[10,0]},"_coverageSchema":"1a1c01bbd47fc00a2c39e90264f33305004495a9","hash":"e9a2065b6fefc7327918adac9aa46a9861c931a5"}
,"/Users/marc/Desktop/fubar/app/javascript/components/pages/Index.js": {"path":"/Users/marc/Desktop/fubar/app/javascript/components/pages/Index.js","statementMap":{"0":{"start":{"line":7,"column":23},"end":{"line":7,"column":33}},"1":{"start":{"line":8,"column":20},"end":{"line":8,"column":30}},"2":{"start":{"line":9,"column":4},"end":{"line":47,"column":6}},"3":{"start":{"line":12,"column":10},"end":{"line":32,"column":12}}},"fnMap":{"0":{"name":"(anonymous_0)","decl":{"start":{"line":6,"column":2},"end":{"line":6,"column":3}},"loc":{"start":{"line":6,"column":11},"end":{"line":48,"column":3}},"line":6},"1":{"name":"(anonymous_1)","decl":{"start":{"line":11,"column":22},"end":{"line":11,"column":23}},"loc":{"start":{"line":11,"column":35},"end":{"line":33,"column":9}},"line":11}},"branchMap":{},"s":{"0":1,"1":1,"2":1,"3":0},"f":{"0":1,"1":0},"b":{},"_coverageSchema":"1a1c01bbd47fc00a2c39e90264f33305004495a9","hash":"c799fdc82cf5c7dbe9a3371be31805db4521474b"}
,"/Users/marc/Desktop/fubar/app/javascript/components/pages/Landing.js": {"path":"/Users/marc/Desktop/fubar/app/javascript/components/pages/Landing.js","statementMap":{"0":{"start":{"line":6,"column":4},"end":{"line":17,"column":6}}},"fnMap":{"0":{"name":"(anonymous_0)","decl":{"start":{"line":5,"column":2},"end":{"line":5,"column":3}},"loc":{"start":{"line":5,"column":11},"end":{"line":18,"column":3}},"line":5}},"branchMap":{},"s":{"0":1},"f":{"0":1},"b":{},"_coverageSchema":"1a1c01bbd47fc00a2c39e90264f33305004495a9","hash":"6fb8baa7b0dfafd37ec48505c67821f3321b267d"}
,"/Users/marc/Desktop/fubar/app/javascript/components/pages/MarketPlace.js": {"path":"/Users/marc/Desktop/fubar/app/javascript/components/pages/MarketPlace.js","statementMap":{"0":{"start":{"line":9,"column":29},"end":{"line":9,"column":43}},"1":{"start":{"line":11,"column":25},"end":{"line":13,"column":3}},"2":{"start":{"line":12,"column":4},"end":{"line":12,"column":57}},"3":{"start":{"line":12,"column":42},"end":{"line":12,"column":53}},"4":{"start":{"line":15,"column":24},"end":{"line":17,"column":3}},"5":{"start":{"line":16,"column":4},"end":{"line":16,"column":56}},"6":{"start":{"line":16,"column":42},"end":{"line":16,"column":52}},"7":{"start":{"line":19,"column":27},"end":{"line":28,"column":3}},"8":{"start":{"line":20,"column":25},"end":{"line":25,"column":6}},"9":{"start":{"line":21,"column":25},"end":{"line":21,"column":70}},"10":{"start":{"line":22,"column":6},"end":{"line":24,"column":7}},"11":{"start":{"line":23,"column":8},"end":{"line":23,"column":20}},"12":{"start":{"line":27,"column":4},"end":{"line":27,"column":26}},"13":{"start":{"line":30,"column":34},"end":{"line":38,"column":3}},"14":{"start":{"line":31,"column":25},"end":{"line":35,"column":6}},"15":{"start":{"line":32,"column":6},"end":{"line":34,"column":7}},"16":{"start":{"line":33,"column":8},"end":{"line":33,"column":20}},"17":{"start":{"line":37,"column":4},"end":{"line":37,"column":26}},"18":{"start":{"line":40,"column":29},"end":{"line":48,"column":3}},"19":{"start":{"line":41,"column":25},"end":{"line":45,"column":6}},"20":{"start":{"line":42,"column":6},"end":{"line":44,"column":7}},"21":{"start":{"line":43,"column":8},"end":{"line":43,"column":20}},"22":{"start":{"line":47,"column":4},"end":{"line":47,"column":26}},"23":{"start":{"line":50,"column":28},"end":{"line":58,"column":3}},"24":{"start":{"line":51,"column":25},"end":{"line":55,"column":6}},"25":{"start":{"line":52,"column":6},"end":{"line":54,"column":7}},"26":{"start":{"line":53,"column":8},"end":{"line":53,"column":20}},"27":{"start":{"line":57,"column":4},"end":{"line":57,"column":26}},"28":{"start":{"line":60,"column":2},"end":{"line":83,"column":4}},"29":{"start":{"line":77,"column":14},"end":{"line":77,"column":60}}},"fnMap":{"0":{"name":"MarketPlace","decl":{"start":{"line":8,"column":9},"end":{"line":8,"column":20}},"loc":{"start":{"line":8,"column":23},"end":{"line":84,"column":1}},"line":8},"1":{"name":"(anonymous_1)","decl":{"start":{"line":11,"column":25},"end":{"line":11,"column":26}},"loc":{"start":{"line":11,"column":31},"end":{"line":13,"column":3}},"line":11},"2":{"name":"(anonymous_2)","decl":{"start":{"line":12,"column":32},"end":{"line":12,"column":33}},"loc":{"start":{"line":12,"column":42},"end":{"line":12,"column":53}},"line":12},"3":{"name":"(anonymous_3)","decl":{"start":{"line":15,"column":24},"end":{"line":15,"column":25}},"loc":{"start":{"line":15,"column":30},"end":{"line":17,"column":3}},"line":15},"4":{"name":"(anonymous_4)","decl":{"start":{"line":16,"column":32},"end":{"line":16,"column":33}},"loc":{"start":{"line":16,"column":42},"end":{"line":16,"column":52}},"line":16},"5":{"name":"(anonymous_5)","decl":{"start":{"line":19,"column":27},"end":{"line":19,"column":28}},"loc":{"start":{"line":19,"column":37},"end":{"line":28,"column":3}},"line":19},"6":{"name":"(anonymous_6)","decl":{"start":{"line":20,"column":37},"end":{"line":20,"column":38}},"loc":{"start":{"line":20,"column":47},"end":{"line":25,"column":5}},"line":20},"7":{"name":"(anonymous_7)","decl":{"start":{"line":30,"column":34},"end":{"line":30,"column":35}},"loc":{"start":{"line":30,"column":51},"end":{"line":38,"column":3}},"line":30},"8":{"name":"(anonymous_8)","decl":{"start":{"line":31,"column":37},"end":{"line":31,"column":38}},"loc":{"start":{"line":31,"column":47},"end":{"line":35,"column":5}},"line":31},"9":{"name":"(anonymous_9)","decl":{"start":{"line":40,"column":29},"end":{"line":40,"column":30}},"loc":{"start":{"line":40,"column":41},"end":{"line":48,"column":3}},"line":40},"10":{"name":"(anonymous_10)","decl":{"start":{"line":41,"column":37},"end":{"line":41,"column":38}},"loc":{"start":{"line":41,"column":47},"end":{"line":45,"column":5}},"line":41},"11":{"name":"(anonymous_11)","decl":{"start":{"line":50,"column":28},"end":{"line":50,"column":29}},"loc":{"start":{"line":50,"column":39},"end":{"line":58,"column":3}},"line":50},"12":{"name":"(anonymous_12)","decl":{"start":{"line":51,"column":37},"end":{"line":51,"column":38}},"loc":{"start":{"line":51,"column":47},"end":{"line":55,"column":5}},"line":51},"13":{"name":"(anonymous_13)","decl":{"start":{"line":76,"column":25},"end":{"line":76,"column":26}},"loc":{"start":{"line":77,"column":14},"end":{"line":77,"column":60}},"line":77}},"branchMap":{"0":{"loc":{"start":{"line":22,"column":6},"end":{"line":24,"column":7}},"type":"if","locations":[{"start":{"line":22,"column":6},"end":{"line":24,"column":7}},{"start":{},"end":{}}],"line":22},"1":{"loc":{"start":{"line":32,"column":6},"end":{"line":34,"column":7}},"type":"if","locations":[{"start":{"line":32,"column":6},"end":{"line":34,"column":7}},{"start":{},"end":{}}],"line":32},"2":{"loc":{"start":{"line":42,"column":6},"end":{"line":44,"column":7}},"type":"if","locations":[{"start":{"line":42,"column":6},"end":{"line":44,"column":7}},{"start":{},"end":{}}],"line":42},"3":{"loc":{"start":{"line":52,"column":6},"end":{"line":54,"column":7}},"type":"if","locations":[{"start":{"line":52,"column":6},"end":{"line":54,"column":7}},{"start":{},"end":{}}],"line":52}},"s":{"0":3,"1":3,"2":3,"3":48,"4":3,"5":3,"6":48,"7":3,"8":0,"9":0,"10":0,"11":0,"12":0,"13":3,"14":0,"15":0,"16":0,"17":0,"18":3,"19":0,"20":0,"21":0,"22":0,"23":3,"24":0,"25":0,"26":0,"27":0,"28":3,"29":48},"f":{"0":3,"1":3,"2":48,"3":3,"4":48,"5":0,"6":0,"7":0,"8":0,"9":0,"10":0,"11":0,"12":0,"13":48},"b":{"0":[0,0],"1":[0,0],"2":[0,0],"3":[0,0]},"_coverageSchema":"1a1c01bbd47fc00a2c39e90264f33305004495a9","hash":"4e8e27682de31d2112048664cb6c9b4fc5c99415"}
,"/Users/marc/Desktop/fubar/app/javascript/components/pages/MyProfile.js": {"path":"/Users/marc/Desktop/fubar/app/javascript/components/pages/MyProfile.js","statementMap":{"0":{"start":{"line":9,"column":4},"end":{"line":9,"column":17}},"1":{"start":{"line":10,"column":4},"end":{"line":12,"column":6}},"2":{"start":{"line":14,"column":17},"end":{"line":16,"column":3}},"3":{"start":{"line":15,"column":4},"end":{"line":15,"column":52}},"4":{"start":{"line":18,"column":16},"end":{"line":24,"column":3}},"5":{"start":{"line":19,"column":21},"end":{"line":19,"column":49}},"6":{"start":{"line":20,"column":17},"end":{"line":20,"column":38}},"7":{"start":{"line":21,"column":4},"end":{"line":23,"column":7}},"8":{"start":{"line":27,"column":4},"end":{"line":35,"column":5}},"9":{"start":{"line":28,"column":6},"end":{"line":34,"column":11}},"10":{"start":{"line":29,"column":25},"end":{"line":29,"column":37}},"11":{"start":{"line":31,"column":10},"end":{"line":33,"column":13}},"12":{"start":{"line":39,"column":4},"end":{"line":39,"column":28}},"13":{"start":{"line":40,"column":22},"end":{"line":40,"column":32}},"14":{"start":{"line":41,"column":4},"end":{"line":108,"column":6}}},"fnMap":{"0":{"name":"(anonymous_0)","decl":{"start":{"line":8,"column":2},"end":{"line":8,"column":3}},"loc":{"start":{"line":8,"column":21},"end":{"line":13,"column":3}},"line":8},"1":{"name":"(anonymous_1)","decl":{"start":{"line":14,"column":17},"end":{"line":14,"column":18}},"loc":{"start":{"line":14,"column":23},"end":{"line":16,"column":3}},"line":14},"2":{"name":"(anonymous_2)","decl":{"start":{"line":18,"column":16},"end":{"line":18,"column":17}},"loc":{"start":{"line":18,"column":28},"end":{"line":24,"column":3}},"line":18},"3":{"name":"(anonymous_3)","decl":{"start":{"line":26,"column":2},"end":{"line":26,"column":3}},"loc":{"start":{"line":26,"column":22},"end":{"line":36,"column":3}},"line":26},"4":{"name":"(anonymous_4)","decl":{"start":{"line":29,"column":14},"end":{"line":29,"column":15}},"loc":{"start":{"line":29,"column":25},"end":{"line":29,"column":37}},"line":29},"5":{"name":"(anonymous_5)","decl":{"start":{"line":30,"column":14},"end":{"line":30,"column":15}},"loc":{"start":{"line":30,"column":25},"end":{"line":34,"column":9}},"line":30},"6":{"name":"(anonymous_6)","decl":{"start":{"line":38,"column":2},"end":{"line":38,"column":3}},"loc":{"start":{"line":38,"column":11},"end":{"line":109,"column":3}},"line":38}},"branchMap":{"0":{"loc":{"start":{"line":27,"column":4},"end":{"line":35,"column":5}},"type":"if","locations":[{"start":{"line":27,"column":4},"end":{"line":35,"column":5}},{"start":{},"end":{}}],"line":27}},"s":{"0":1,"1":1,"2":1,"3":0,"4":1,"5":0,"6":0,"7":0,"8":1,"9":1,"10":1,"11":1,"12":2,"13":2,"14":2},"f":{"0":1,"1":0,"2":0,"3":1,"4":1,"5":1,"6":2},"b":{"0":[1,0]},"_coverageSchema":"1a1c01bbd47fc00a2c39e90264f33305004495a9","hash":"e93fd6a87c1b3f527fa68e342734d730fe7f3a27"}
,"/Users/marc/Desktop/fubar/app/javascript/components/pages/NewPost.js": {"path":"/Users/marc/Desktop/fubar/app/javascript/components/pages/NewPost.js","statementMap":{"0":{"start":{"line":6,"column":4},"end":{"line":6,"column":17}},"1":{"start":{"line":7,"column":4},"end":{"line":11,"column":6}},"2":{"start":{"line":13,"column":4},"end":{"line":13,"column":41}},"3":{"start":{"line":17,"column":4},"end":{"line":19,"column":7}},"4":{"start":{"line":22,"column":17},"end":{"line":28,"column":3}},"5":{"start":{"line":23,"column":19},"end":{"line":23,"column":33}},"6":{"start":{"line":24,"column":14},"end":{"line":24,"column":27}},"7":{"start":{"line":25,"column":4},"end":{"line":27,"column":7}},"8":{"start":{"line":30,"column":17},"end":{"line":46,"column":3}},"9":{"start":{"line":31,"column":4},"end":{"line":31,"column":23}},"10":{"start":{"line":32,"column":15},"end":{"line":32,"column":35}},"11":{"start":{"line":33,"column":16},"end":{"line":33,"column":73}},"12":{"start":{"line":34,"column":4},"end":{"line":45,"column":7}},"13":{"start":{"line":44,"column":6},"end":{"line":44,"column":31}},"14":{"start":{"line":49,"column":4},"end":{"line":82,"column":6}}},"fnMap":{"0":{"name":"(anonymous_0)","decl":{"start":{"line":5,"column":2},"end":{"line":5,"column":3}},"loc":{"start":{"line":5,"column":21},"end":{"line":14,"column":3}},"line":5},"1":{"name":"(anonymous_1)","decl":{"start":{"line":16,"column":2},"end":{"line":16,"column":3}},"loc":{"start":{"line":16,"column":11},"end":{"line":20,"column":3}},"line":16},"2":{"name":"(anonymous_2)","decl":{"start":{"line":22,"column":17},"end":{"line":22,"column":18}},"loc":{"start":{"line":22,"column":24},"end":{"line":28,"column":3}},"line":22},"3":{"name":"(anonymous_3)","decl":{"start":{"line":30,"column":17},"end":{"line":30,"column":18}},"loc":{"start":{"line":30,"column":24},"end":{"line":46,"column":3}},"line":30},"4":{"name":"(anonymous_4)","decl":{"start":{"line":43,"column":12},"end":{"line":43,"column":13}},"loc":{"start":{"line":43,"column":22},"end":{"line":45,"column":5}},"line":43},"5":{"name":"(anonymous_5)","decl":{"start":{"line":48,"column":2},"end":{"line":48,"column":3}},"loc":{"start":{"line":48,"column":11},"end":{"line":83,"column":3}},"line":48}},"branchMap":{},"s":{"0":5,"1":5,"2":5,"3":0,"4":5,"5":0,"6":0,"7":0,"8":5,"9":0,"10":0,"11":0,"12":0,"13":0,"14":5},"f":{"0":5,"1":0,"2":0,"3":0,"4":0,"5":5},"b":{},"_coverageSchema":"1a1c01bbd47fc00a2c39e90264f33305004495a9","hash":"3d17d2eba58dd572d59821e14ec2d6663d052685"}
,"/Users/marc/Desktop/fubar/app/javascript/components/pages/NotFound.js": {"path":"/Users/marc/Desktop/fubar/app/javascript/components/pages/NotFound.js","statementMap":{"0":{"start":{"line":5,"column":8},"end":{"line":9,"column":9}}},"fnMap":{"0":{"name":"(anonymous_0)","decl":{"start":{"line":4,"column":4},"end":{"line":4,"column":5}},"loc":{"start":{"line":4,"column":13},"end":{"line":10,"column":5}},"line":4}},"branchMap":{},"s":{"0":1},"f":{"0":1},"b":{},"_coverageSchema":"1a1c01bbd47fc00a2c39e90264f33305004495a9","hash":"151998f3fd3518fc5c7ad2661aa5d56d709b725b"}
,"/Users/marc/Desktop/fubar/app/javascript/components/pages/PostList.js": {"path":"/Users/marc/Desktop/fubar/app/javascript/components/pages/PostList.js","statementMap":{"0":{"start":{"line":6,"column":4},"end":{"line":6,"column":17}},"1":{"start":{"line":8,"column":10},"end":{"line":10,"column":3}},"2":{"start":{"line":14,"column":16},"end":{"line":27,"column":3}},"3":{"start":{"line":15,"column":4},"end":{"line":26,"column":7}},"4":{"start":{"line":16,"column":6},"end":{"line":25,"column":8}},"5":{"start":{"line":30,"column":4},"end":{"line":35,"column":6}}},"fnMap":{"0":{"name":"(anonymous_0)","decl":{"start":{"line":5,"column":2},"end":{"line":5,"column":3}},"loc":{"start":{"line":5,"column":21},"end":{"line":7,"column":3}},"line":5},"1":{"name":"(anonymous_1)","decl":{"start":{"line":14,"column":16},"end":{"line":14,"column":17}},"loc":{"start":{"line":14,"column":22},"end":{"line":27,"column":3}},"line":14},"2":{"name":"(anonymous_2)","decl":{"start":{"line":15,"column":33},"end":{"line":15,"column":34}},"loc":{"start":{"line":15,"column":43},"end":{"line":26,"column":5}},"line":15},"3":{"name":"(anonymous_3)","decl":{"start":{"line":29,"column":2},"end":{"line":29,"column":3}},"loc":{"start":{"line":29,"column":11},"end":{"line":36,"column":3}},"line":29}},"branchMap":{},"s":{"0":2,"1":2,"2":2,"3":2,"4":0,"5":2},"f":{"0":2,"1":2,"2":0,"3":2},"b":{},"_coverageSchema":"1a1c01bbd47fc00a2c39e90264f33305004495a9","hash":"d7a65bff60d6c77c492454927a5ef0ef87f602f7"}
,"/Users/marc/Desktop/fubar/app/javascript/components/pages/Register.js": {"path":"/Users/marc/Desktop/fubar/app/javascript/components/pages/Register.js","statementMap":{"0":{"start":{"line":16,"column":4},"end":{"line":16,"column":17}},"1":{"start":{"line":17,"column":4},"end":{"line":30,"column":6}},"2":{"start":{"line":33,"column":17},"end":{"line":37,"column":3}},"3":{"start":{"line":34,"column":25},"end":{"line":34,"column":35}},"4":{"start":{"line":35,"column":4},"end":{"line":35,"column":47}},"5":{"start":{"line":36,"column":4},"end":{"line":36,"column":46}},"6":{"start":{"line":39,"column":17},"end":{"line":42,"column":3}},"7":{"start":{"line":40,"column":4},"end":{"line":40,"column":52}},"8":{"start":{"line":41,"column":4},"end":{"line":41,"column":39}},"9":{"start":{"line":45,"column":4},"end":{"line":205,"column":6}}},"fnMap":{"0":{"name":"(anonymous_0)","decl":{"start":{"line":15,"column":2},"end":{"line":15,"column":3}},"loc":{"start":{"line":15,"column":21},"end":{"line":31,"column":3}},"line":15},"1":{"name":"(anonymous_1)","decl":{"start":{"line":33,"column":17},"end":{"line":33,"column":18}},"loc":{"start":{"line":33,"column":24},"end":{"line":37,"column":3}},"line":33},"2":{"name":"(anonymous_2)","decl":{"start":{"line":39,"column":17},"end":{"line":39,"column":18}},"loc":{"start":{"line":39,"column":24},"end":{"line":42,"column":3}},"line":39},"3":{"name":"(anonymous_3)","decl":{"start":{"line":44,"column":2},"end":{"line":44,"column":3}},"loc":{"start":{"line":44,"column":11},"end":{"line":206,"column":3}},"line":44}},"branchMap":{"0":{"loc":{"start":{"line":201,"column":13},"end":{"line":201,"column":61}},"type":"binary-expr","locations":[{"start":{"line":201,"column":13},"end":{"line":201,"column":33}},{"start":{"line":201,"column":37},"end":{"line":201,"column":61}}],"line":201}},"s":{"0":11,"1":11,"2":11,"3":0,"4":0,"5":0,"6":11,"7":0,"8":0,"9":11},"f":{"0":11,"1":0,"2":0,"3":11},"b":{"0":[11,0]},"_coverageSchema":"1a1c01bbd47fc00a2c39e90264f33305004495a9","hash":"b383453fc5d64031b8d38ac8055c9d43c920f468"}
}
